ESholpine/app/build/intermediates/manifest_merge_blame_file/debug/manifest-merger-blame-debug-report.txt
1<?xml version="1.0" encoding="utf-8"?>
2<manifest xmlns:android="http://schemas.android.com/apk/res/android"
3    package="com.example.e_sholpine"
4    android:versionCode="1"
5    android:versionName="1.0" >
6
7    <uses-sdk
8        android:minSdkVersion="24"
9        android:targetSdkVersion="34" />
10
11    <uses-permission android:name="android.permission.INTERNET" />
11-->src\main\AndroidManifest.xml:6:5-67
11-->src\main\AndroidManifest.xml:6:22-64
12    <uses-permission android:name="android.permission.ACCESS_NETWORK_STATE" />
12-->src\main\AndroidManifest.xml:7:5-79
12-->src\main\AndroidManifest.xml:7:22-76
13    <uses-permission android:name="android.permission.CAMERA" />
13-->src\main\AndroidManifest.xml:9:5-65
13-->src\main\AndroidManifest.xml:9:22-62
14    <uses-permission android:name="android.permission.READ_SMS" />
14-->src\main\AndroidManifest.xml:10:5-67
14-->src\main\AndroidManifest.xml:10:22-64
15    <uses-permission android:name="android.permission.READ_MEDIA_VIDEO" />
15-->src\main\AndroidManifest.xml:11:5-75
15-->src\main\AndroidManifest.xml:11:22-72
16    <uses-permission
16-->src\main\AndroidManifest.xml:12:5-13:38
17        android:name="android.permission.READ_EXTERNAL_STORAGE"
17-->src\main\AndroidManifest.xml:12:22-77
18        android:maxSdkVersion="32" />
18-->src\main\AndroidManifest.xml:13:9-35
19    <uses-permission android:name="android.permission.CAMERA" />
19-->src\main\AndroidManifest.xml:9:5-65
19-->src\main\AndroidManifest.xml:9:22-62
20    <uses-permission android:name="android.permission.RECORD_AUDIO" />
20-->src\main\AndroidManifest.xml:16:5-71
20-->src\main\AndroidManifest.xml:16:22-68
21    <uses-permission android:name="android.permission.READ_MEDIA_VIDEO" />
21-->src\main\AndroidManifest.xml:11:5-75
21-->src\main\AndroidManifest.xml:11:22-72
22    <uses-permission
22-->src\main\AndroidManifest.xml:12:5-13:38
23        android:name="android.permission.READ_EXTERNAL_STORAGE"
23-->src\main\AndroidManifest.xml:12:22-77
24        android:maxSdkVersion="32" />
24-->src\main\AndroidManifest.xml:13:9-35
25
26    <uses-feature android:name="android.hardware.camera" />
26-->src\main\AndroidManifest.xml:20:5-60
26-->src\main\AndroidManifest.xml:20:19-57
27
28    <uses-permission android:name="android.permission.RECORD_AUDIO" />
28-->src\main\AndroidManifest.xml:16:5-71
28-->src\main\AndroidManifest.xml:16:22-68
29    <uses-permission
29-->src\main\AndroidManifest.xml:23:5-24:38
30        android:name="android.permission.WRITE_EXTERNAL_STORAGE"
30-->src\main\AndroidManifest.xml:23:22-78
31        android:maxSdkVersion="32" />
31-->src\main\AndroidManifest.xml:24:9-35
32    <uses-permission android:name="android.permission.ACCESS_MEDIA_LOCATION" />
32-->src\main\AndroidManifest.xml:25:5-80
32-->src\main\AndroidManifest.xml:25:22-77
33    <uses-permission android:name="android.permission.POST_NOTIFICATIONS" />
33-->src\main\AndroidManifest.xml:26:5-77
33-->src\main\AndroidManifest.xml:26:22-74
34    <uses-permission android:name="android.permission.ACCESS_NOTIFICATION_POLICY" />
34-->src\main\AndroidManifest.xml:27:5-85
34-->src\main\AndroidManifest.xml:27:22-82
35
36    <uses-feature android:name="android.hardware.location.gps" />
36-->src\main\AndroidManifest.xml:29:5-66
36-->src\main\AndroidManifest.xml:29:19-63
37    <uses-feature
37-->src\main\AndroidManifest.xml:30:5-32:36
38        android:name="android.hardware.telephony"
38-->src\main\AndroidManifest.xml:31:9-50
39        android:required="false" />
39-->src\main\AndroidManifest.xml:32:9-33
40
41    <uses-permission android:name="android.permission.USE_BIOMETRIC" /> <!-- suppress DeprecatedClassUsageInspection -->
41-->[androidx.biometric:biometric:1.1.0] AndroidManifest.xml:24:5-72
41-->[androidx.biometric:biometric:1.1.0] AndroidManifest.xml:24:22-69
42    <uses-permission android:name="android.permission.USE_FINGERPRINT" />
42-->[androidx.biometric:biometric:1.1.0] AndroidManifest.xml:27:5-74
42-->[androidx.biometric:biometric:1.1.0] AndroidManifest.xml:27:22-71
43    <uses-permission android:name="android.permission.WAKE_LOCK" /> <!-- Required by older versions of Google Play services to create IID tokens -->
43-->[com.google.firebase:firebase-messaging:24.1.0] AndroidManifest.xml:24:5-68
43-->[com.google.firebase:firebase-messaging:24.1.0] AndroidManifest.xml:24:22-65
44    <uses-permission android:name="com.google.android.c2dm.permission.RECEIVE" />
44-->[com.google.firebase:firebase-messaging:24.1.0] AndroidManifest.xml:26:5-82
44-->[com.google.firebase:firebase-messaging:24.1.0] AndroidManifest.xml:26:22-79
45    <uses-permission android:name="android.permission.RECEIVE_BOOT_COMPLETED" />
45-->[androidx.work:work-runtime:2.10.0] AndroidManifest.xml:25:5-81
45-->[androidx.work:work-runtime:2.10.0] AndroidManifest.xml:25:22-78
46    <uses-permission android:name="android.permission.FOREGROUND_SERVICE" />
46-->[androidx.work:work-runtime:2.10.0] AndroidManifest.xml:26:5-77
46-->[androidx.work:work-runtime:2.10.0] AndroidManifest.xml:26:22-74
47    <uses-permission android:name="com.google.android.providers.gsf.permission.READ_GSERVICES" />
47-->[com.google.android.recaptcha:recaptcha:18.6.1] AndroidManifest.xml:9:5-98
47-->[com.google.android.recaptcha:recaptcha:18.6.1] AndroidManifest.xml:9:22-95
48
49    <permission
49-->[androidx.core:core:1.15.0] AndroidManifest.xml:22:5-24:47
50        android:name="com.example.e_sholpine.DYNAMIC_RECEIVER_NOT_EXPORTED_PERMISSION"
50-->[androidx.core:core:1.15.0] AndroidManifest.xml:23:9-81
51        android:protectionLevel="signature" />
51-->[androidx.core:core:1.15.0] AndroidManifest.xml:24:9-44
52
53    <uses-permission android:name="com.example.e_sholpine.DYNAMIC_RECEIVER_NOT_EXPORTED_PERMISSION" />
53-->[androidx.core:core:1.15.0] AndroidManifest.xml:26:5-97
53-->[androidx.core:core:1.15.0] AndroidManifest.xml:26:22-94
54
55    <application
55-->src\main\AndroidManifest.xml:34:5-210:19
56        android:name="com.example.e_sholpine.helper.GlobalVariable"
56-->src\main\AndroidManifest.xml:35:9-46
57        android:allowBackup="true"
57-->src\main\AndroidManifest.xml:36:9-35
58        android:appComponentFactory="androidx.core.app.CoreComponentFactory"
58-->[androidx.core:core:1.15.0] AndroidManifest.xml:28:18-86
59        android:dataExtractionRules="@xml/data_extraction_rules"
59-->src\main\AndroidManifest.xml:37:9-65
60        android:debuggable="true"
61        android:extractNativeLibs="false"
62        android:fullBackupContent="@xml/backup_rules"
62-->src\main\AndroidManifest.xml:38:9-54
63        android:icon="@mipmap/ic_launcher"
63-->src\main\AndroidManifest.xml:39:9-43
64        android:label="@string/app_name"
64-->src\main\AndroidManifest.xml:40:9-41
65        android:roundIcon="@mipmap/ic_launcher_round"
65-->src\main\AndroidManifest.xml:41:9-54
66        android:supportsRtl="true"
66-->src\main\AndroidManifest.xml:42:9-35
67        android:theme="@style/Theme.TikTokCloneProject" >
67-->src\main\AndroidManifest.xml:43:9-56
68        <provider
69            android:name="androidx.core.content.FileProvider"
69-->src\main\AndroidManifest.xml:47:13-62
70            android:authorities="com.example.e_sholpine.fileprovider"
70-->src\main\AndroidManifest.xml:48:13-64
71            android:exported="false"
71-->src\main\AndroidManifest.xml:49:13-37
72            android:grantUriPermissions="true" >
72-->src\main\AndroidManifest.xml:50:13-47
73            <meta-data
73-->src\main\AndroidManifest.xml:51:13-53:54
74                android:name="android.support.FILE_PROVIDER_PATHS"
74-->src\main\AndroidManifest.xml:52:17-67
75                android:resource="@xml/file_paths" />
75-->src\main\AndroidManifest.xml:53:17-51
76        </provider>
77
78        <activity
78-->src\main\AndroidManifest.xml:56:9-65:20
79            android:name="com.example.e_sholpine.activity.LauncherActivity"
79-->src\main\AndroidManifest.xml:57:13-54
80            android:exported="true" >
80-->src\main\AndroidManifest.xml:58:13-36
81            <intent-filter>
81-->src\main\AndroidManifest.xml:60:13-64:29
82                <action android:name="android.intent.action.MAIN" />
82-->src\main\AndroidManifest.xml:61:17-69
82-->src\main\AndroidManifest.xml:61:25-66
83
84                <category android:name="android.intent.category.LAUNCHER" />
84-->src\main\AndroidManifest.xml:63:17-77
84-->src\main\AndroidManifest.xml:63:27-74
85            </intent-filter>
86        </activity>
87        <activity
87-->src\main\AndroidManifest.xml:68:9-70:40
88            android:name="com.example.e_sholpine.activity.DeleteVideoSettingActivity"
88-->src\main\AndroidManifest.xml:69:13-64
89            android:exported="false" />
89-->src\main\AndroidManifest.xml:70:13-37
90        <activity
90-->src\main\AndroidManifest.xml:71:9-73:40
91            android:name="com.example.e_sholpine.activity.EditActivity1"
91-->src\main\AndroidManifest.xml:72:13-51
92            android:exported="false" />
92-->src\main\AndroidManifest.xml:73:13-37
93        <activity
93-->src\main\AndroidManifest.xml:74:9-76:40
94            android:name="com.example.e_sholpine.activity.EditProfileActivity1"
94-->src\main\AndroidManifest.xml:75:13-58
95            android:exported="false" />
95-->src\main\AndroidManifest.xml:76:13-37
96        <activity
96-->src\main\AndroidManifest.xml:77:9-90:20
97            android:name="com.example.e_sholpine.activity.VideoActivity"
97-->src\main\AndroidManifest.xml:78:13-51
98            android:exported="true" >
98-->src\main\AndroidManifest.xml:79:13-36
99            <intent-filter>
99-->src\main\AndroidManifest.xml:80:13-89:29
100                <action android:name="android.intent.action.VIEW" />
100-->src\main\AndroidManifest.xml:81:17-69
100-->src\main\AndroidManifest.xml:81:25-66
101
102                <category android:name="android.intent.category.DEFAULT" />
102-->src\main\AndroidManifest.xml:83:17-76
102-->src\main\AndroidManifest.xml:83:27-73
103                <category android:name="android.intent.category.BROWSABLE" />
103-->src\main\AndroidManifest.xml:84:17-78
103-->src\main\AndroidManifest.xml:84:27-75
104
105                <data android:scheme="http" />
105-->src\main\AndroidManifest.xml:86:17-47
105-->src\main\AndroidManifest.xml:86:23-44
106                <data android:scheme="https" />
106-->src\main\AndroidManifest.xml:86:17-47
106-->src\main\AndroidManifest.xml:86:23-44
107                <data android:host="video.toptoptoptop.com" />
107-->src\main\AndroidManifest.xml:86:17-47
107-->src\main\AndroidManifest.xml:88:23-60
108            </intent-filter>
109        </activity>
110        <activity
110-->src\main\AndroidManifest.xml:91:9-94:47
111            android:name="com.example.e_sholpine.activity.VideoHomeScreenActivity"
111-->src\main\AndroidManifest.xml:92:13-61
112            android:exported="false"
112-->src\main\AndroidManifest.xml:93:13-37
113            android:launchMode="singleTask" />
113-->src\main\AndroidManifest.xml:94:13-44
114        <activity
114-->src\main\AndroidManifest.xml:95:9-97:40
115            android:name="com.example.e_sholpine.activity.EditActivity"
115-->src\main\AndroidManifest.xml:96:13-50
116            android:exported="false" />
116-->src\main\AndroidManifest.xml:97:13-37
117        <activity
117-->src\main\AndroidManifest.xml:98:9-100:40
118            android:name="com.example.e_sholpine.activity.InboxActivity"
118-->src\main\AndroidManifest.xml:99:13-51
119            android:exported="false" />
119-->src\main\AndroidManifest.xml:100:13-37
120        <activity
120-->src\main\AndroidManifest.xml:101:9-103:40
121            android:name="com.example.e_sholpine.activity.FollowListActivity"
121-->src\main\AndroidManifest.xml:102:13-56
122            android:exported="false" />
122-->src\main\AndroidManifest.xml:103:13-37
123        <activity
123-->src\main\AndroidManifest.xml:104:9-106:40
124            android:name="com.example.e_sholpine.activity.HomeScreenActivity"
124-->src\main\AndroidManifest.xml:105:13-56
125            android:exported="false" />
125-->src\main\AndroidManifest.xml:106:13-37
126        <activity
126-->src\main\AndroidManifest.xml:107:9-109:40
127            android:name="com.example.e_sholpine.activity.EmailSignInActivity"
127-->src\main\AndroidManifest.xml:108:13-57
128            android:exported="false" />
128-->src\main\AndroidManifest.xml:109:13-37
129        <activity
129-->src\main\AndroidManifest.xml:110:9-123:20
130            android:name="com.example.e_sholpine.activity.EmailSignupActivity"
130-->src\main\AndroidManifest.xml:111:13-57
131            android:exported="true" >
131-->src\main\AndroidManifest.xml:112:13-36
132            <intent-filter>
132-->src\main\AndroidManifest.xml:113:13-122:29
133                <action android:name="android.intent.action.VIEW" />
133-->src\main\AndroidManifest.xml:81:17-69
133-->src\main\AndroidManifest.xml:81:25-66
134
135                <category android:name="android.intent.category.DEFAULT" />
135-->src\main\AndroidManifest.xml:83:17-76
135-->src\main\AndroidManifest.xml:83:27-73
136                <category android:name="android.intent.category.BROWSABLE" />
136-->src\main\AndroidManifest.xml:84:17-78
136-->src\main\AndroidManifest.xml:84:27-75
137
138                <data
138-->src\main\AndroidManifest.xml:86:17-47
139                    android:host="example.com"
139-->src\main\AndroidManifest.xml:88:23-60
140                    android:scheme="https" />
140-->src\main\AndroidManifest.xml:86:23-44
141            </intent-filter>
142        </activity>
143        <activity
143-->src\main\AndroidManifest.xml:124:9-126:40
144            android:name="com.example.e_sholpine.activity.SignupChoiceActivity"
144-->src\main\AndroidManifest.xml:125:13-58
145            android:exported="false" />
145-->src\main\AndroidManifest.xml:126:13-37
146        <activity
146-->src\main\AndroidManifest.xml:127:9-129:40
147            android:name="com.example.e_sholpine.activity.SigninChoiceActivity"
147-->src\main\AndroidManifest.xml:128:13-58
148            android:exported="false" />
148-->src\main\AndroidManifest.xml:129:13-37
149        <activity
149-->src\main\AndroidManifest.xml:130:9-132:40
150            android:name="com.example.e_sholpine.activity.DescriptionVideoActivity"
150-->src\main\AndroidManifest.xml:131:13-62
151            android:exported="false" /> <!-- <activity -->
151-->src\main\AndroidManifest.xml:132:13-37
152        <!-- android:name=".WaitingFragment" -->
153        <!-- android:exported="false" /> -->
154        <activity
154-->src\main\AndroidManifest.xml:135:9-137:40
155            android:name="com.example.e_sholpine.activity.ChangePasswordActivity"
155-->src\main\AndroidManifest.xml:136:13-60
156            android:exported="false" />
156-->src\main\AndroidManifest.xml:137:13-37
157        <activity
157-->src\main\AndroidManifest.xml:138:9-140:40
158            android:name="com.example.e_sholpine.activity.FullScreenAvatarActivity"
158-->src\main\AndroidManifest.xml:139:13-62
159            android:exported="false" />
159-->src\main\AndroidManifest.xml:140:13-37
160        <activity
160-->src\main\AndroidManifest.xml:141:9-143:40
161            android:name="com.example.e_sholpine.activity.SignInToDeleteActivity"
161-->src\main\AndroidManifest.xml:142:13-60
162            android:exported="false" />
162-->src\main\AndroidManifest.xml:143:13-37
163        <activity
163-->src\main\AndroidManifest.xml:144:9-146:40
164            android:name="com.example.e_sholpine.activity.AccountSettingActivity"
164-->src\main\AndroidManifest.xml:145:13-60
165            android:exported="false" />
165-->src\main\AndroidManifest.xml:146:13-37
166        <activity
166-->src\main\AndroidManifest.xml:147:9-149:40
167            android:name="com.example.e_sholpine.activity.SettingsAndPrivacyActivity"
167-->src\main\AndroidManifest.xml:148:13-64
168            android:exported="false" />
168-->src\main\AndroidManifest.xml:149:13-37
169        <activity
169-->src\main\AndroidManifest.xml:150:9-152:40
170            android:name="com.example.e_sholpine.activity.PhoneSigninActivity"
170-->src\main\AndroidManifest.xml:151:13-57
171            android:exported="false" />
171-->src\main\AndroidManifest.xml:152:13-37
172        <activity
172-->src\main\AndroidManifest.xml:153:9-155:40
173            android:name="com.example.e_sholpine.activity.DeleteAccountActivity"
173-->src\main\AndroidManifest.xml:154:13-59
174            android:exported="false" />
174-->src\main\AndroidManifest.xml:155:13-37
175        <activity
175-->src\main\AndroidManifest.xml:156:9-169:20
176            android:name="com.example.e_sholpine.activity.ProfileActivity"
176-->src\main\AndroidManifest.xml:157:13-53
177            android:exported="true" >
177-->src\main\AndroidManifest.xml:158:13-36
178            <intent-filter>
178-->src\main\AndroidManifest.xml:159:13-168:29
179                <action android:name="android.intent.action.VIEW" />
179-->src\main\AndroidManifest.xml:81:17-69
179-->src\main\AndroidManifest.xml:81:25-66
180
181                <category android:name="android.intent.category.DEFAULT" />
181-->src\main\AndroidManifest.xml:83:17-76
181-->src\main\AndroidManifest.xml:83:27-73
182                <category android:name="android.intent.category.BROWSABLE" />
182-->src\main\AndroidManifest.xml:84:17-78
182-->src\main\AndroidManifest.xml:84:27-75
183
184                <data android:scheme="http" />
184-->src\main\AndroidManifest.xml:86:17-47
184-->src\main\AndroidManifest.xml:86:23-44
185                <data android:scheme="https" />
185-->src\main\AndroidManifest.xml:86:17-47
185-->src\main\AndroidManifest.xml:86:23-44
186                <data android:host="toptoptoptop.com" />
186-->src\main\AndroidManifest.xml:86:17-47
186-->src\main\AndroidManifest.xml:88:23-60
187            </intent-filter>
188        </activity>
189        <activity
189-->src\main\AndroidManifest.xml:170:9-172:40
190            android:name="com.example.e_sholpine.activity.EditProfileActivity"
190-->src\main\AndroidManifest.xml:171:13-57
191            android:exported="false" />
191-->src\main\AndroidManifest.xml:172:13-37
192        <activity
192-->src\main\AndroidManifest.xml:173:9-175:40
193            android:name="com.example.e_sholpine.activity.EmailLogInActivity"
193-->src\main\AndroidManifest.xml:174:13-56
194            android:exported="false" />
194-->src\main\AndroidManifest.xml:175:13-37
195        <activity
195-->src\main\AndroidManifest.xml:176:9-178:40
196            android:name="com.example.e_sholpine.activity.LoginOptionsActivity"
196-->src\main\AndroidManifest.xml:177:13-58
197            android:exported="false" /> <!-- HomeScreenActivity   PhoneSignupActivity  MainActivity -->
197-->src\main\AndroidManifest.xml:178:13-37
198        <activity
198-->src\main\AndroidManifest.xml:179:9-181:40
199            android:name="com.example.e_sholpine.activity.PhoneSignupActivity"
199-->src\main\AndroidManifest.xml:180:13-57
200            android:exported="false" />
200-->src\main\AndroidManifest.xml:181:13-37
201        <activity
201-->src\main\AndroidManifest.xml:182:9-184:40
202            android:name="com.example.e_sholpine.activity.MainActivity"
202-->src\main\AndroidManifest.xml:183:13-50
203            android:exported="false" />
203-->src\main\AndroidManifest.xml:184:13-37
204        <activity
204-->src\main\AndroidManifest.xml:185:9-187:40
205            android:name="com.example.e_sholpine.activity.SearchActivity"
205-->src\main\AndroidManifest.xml:186:13-52
206            android:exported="false" />
206-->src\main\AndroidManifest.xml:187:13-37
207        <activity
207-->src\main\AndroidManifest.xml:188:9-190:40
208            android:name="com.example.e_sholpine.activity.FollowActivity"
208-->src\main\AndroidManifest.xml:189:13-52
209            android:exported="false" />
209-->src\main\AndroidManifest.xml:190:13-37
210        <activity
210-->src\main\AndroidManifest.xml:191:9-195:61
211            android:name="com.example.e_sholpine.activity.CameraActivity"
211-->src\main\AndroidManifest.xml:192:13-52
212            android:configChanges="orientation|screenSize"
212-->src\main\AndroidManifest.xml:195:13-59
213            android:exported="false"
213-->src\main\AndroidManifest.xml:193:13-37
214            android:screenOrientation="portrait" />
214-->src\main\AndroidManifest.xml:194:13-49
215        <activity
215-->src\main\AndroidManifest.xml:197:9-199:40
216            android:name="com.example.e_sholpine.activity.CommentActivity"
216-->src\main\AndroidManifest.xml:198:13-53
217            android:exported="false" />
217-->src\main\AndroidManifest.xml:199:13-37
218        <activity
218-->src\main\AndroidManifest.xml:201:9-203:40
219            android:name="com.example.e_sholpine.activity.ReferralActivity"
219-->src\main\AndroidManifest.xml:202:13-54
220            android:exported="false" />
220-->src\main\AndroidManifest.xml:203:13-37
221        <activity
221-->src\main\AndroidManifest.xml:206:9-209:86
222            android:name="com.example.e_sholpine.activity.ShareAccountActivity"
222-->src\main\AndroidManifest.xml:207:13-58
223            android:exported="false"
223-->src\main\AndroidManifest.xml:208:13-37
224            android:theme="@android:style/Theme.Translucent.NoTitleBar.Fullscreen" />
224-->src\main\AndroidManifest.xml:209:13-83
225
226        <service
226-->[androidx.camera:camera-camera2:1.3.0] AndroidManifest.xml:24:9-33:19
227            android:name="androidx.camera.core.impl.MetadataHolderService"
227-->[androidx.camera:camera-camera2:1.3.0] AndroidManifest.xml:25:13-75
228            android:enabled="false"
228-->[androidx.camera:camera-camera2:1.3.0] AndroidManifest.xml:26:13-36
229            android:exported="false" >
229-->[androidx.camera:camera-camera2:1.3.0] AndroidManifest.xml:27:13-37
230            <meta-data
230-->[androidx.camera:camera-camera2:1.3.0] AndroidManifest.xml:30:13-32:89
231                android:name="androidx.camera.core.impl.MetadataHolderService.DEFAULT_CONFIG_PROVIDER"
231-->[androidx.camera:camera-camera2:1.3.0] AndroidManifest.xml:31:17-103
232                android:value="androidx.camera.camera2.Camera2Config$DefaultProvider" />
232-->[androidx.camera:camera-camera2:1.3.0] AndroidManifest.xml:32:17-86
233        </service>
234
235        <activity
235-->[com.google.firebase:firebase-auth:23.2.0] AndroidManifest.xml:29:9-46:20
236            android:name="com.google.firebase.auth.internal.GenericIdpActivity"
236-->[com.google.firebase:firebase-auth:23.2.0] AndroidManifest.xml:30:13-80
237            android:excludeFromRecents="true"
237-->[com.google.firebase:firebase-auth:23.2.0] AndroidManifest.xml:31:13-46
238            android:exported="true"
238-->[com.google.firebase:firebase-auth:23.2.0] AndroidManifest.xml:32:13-36
239            android:launchMode="singleTask"
239-->[com.google.firebase:firebase-auth:23.2.0] AndroidManifest.xml:33:13-44
240            android:theme="@android:style/Theme.Translucent.NoTitleBar" >
240-->[com.google.firebase:firebase-auth:23.2.0] AndroidManifest.xml:34:13-72
241            <intent-filter>
241-->[com.google.firebase:firebase-auth:23.2.0] AndroidManifest.xml:35:13-45:29
242                <action android:name="android.intent.action.VIEW" />
242-->src\main\AndroidManifest.xml:81:17-69
242-->src\main\AndroidManifest.xml:81:25-66
243
244                <category android:name="android.intent.category.DEFAULT" />
244-->src\main\AndroidManifest.xml:83:17-76
244-->src\main\AndroidManifest.xml:83:27-73
245                <category android:name="android.intent.category.BROWSABLE" />
245-->src\main\AndroidManifest.xml:84:17-78
245-->src\main\AndroidManifest.xml:84:27-75
246
247                <data
247-->src\main\AndroidManifest.xml:86:17-47
248                    android:host="firebase.auth"
248-->src\main\AndroidManifest.xml:88:23-60
249                    android:path="/"
250                    android:scheme="genericidp" />
250-->src\main\AndroidManifest.xml:86:23-44
251            </intent-filter>
252        </activity>
253        <activity
253-->[com.google.firebase:firebase-auth:23.2.0] AndroidManifest.xml:47:9-64:20
254            android:name="com.google.firebase.auth.internal.RecaptchaActivity"
254-->[com.google.firebase:firebase-auth:23.2.0] AndroidManifest.xml:48:13-79
255            android:excludeFromRecents="true"
255-->[com.google.firebase:firebase-auth:23.2.0] AndroidManifest.xml:49:13-46
256            android:exported="true"
256-->[com.google.firebase:firebase-auth:23.2.0] AndroidManifest.xml:50:13-36
257            android:launchMode="singleTask"
257-->[com.google.firebase:firebase-auth:23.2.0] AndroidManifest.xml:51:13-44
258            android:theme="@android:style/Theme.Translucent.NoTitleBar" >
258-->[com.google.firebase:firebase-auth:23.2.0] AndroidManifest.xml:52:13-72
259            <intent-filter>
259-->[com.google.firebase:firebase-auth:23.2.0] AndroidManifest.xml:53:13-63:29
260                <action android:name="android.intent.action.VIEW" />
260-->src\main\AndroidManifest.xml:81:17-69
260-->src\main\AndroidManifest.xml:81:25-66
261
262                <category android:name="android.intent.category.DEFAULT" />
262-->src\main\AndroidManifest.xml:83:17-76
262-->src\main\AndroidManifest.xml:83:27-73
263                <category android:name="android.intent.category.BROWSABLE" />
263-->src\main\AndroidManifest.xml:84:17-78
263-->src\main\AndroidManifest.xml:84:27-75
264
265                <data
265-->src\main\AndroidManifest.xml:86:17-47
266                    android:host="firebase.auth"
266-->src\main\AndroidManifest.xml:88:23-60
267                    android:path="/"
268                    android:scheme="recaptcha" />
268-->src\main\AndroidManifest.xml:86:23-44
269            </intent-filter>
270        </activity>
271
272        <service
272-->[com.google.firebase:firebase-auth:23.2.0] AndroidManifest.xml:66:9-72:19
273            android:name="com.google.firebase.components.ComponentDiscoveryService"
273-->[com.google.firebase:firebase-auth:23.2.0] AndroidManifest.xml:67:13-84
274            android:directBootAware="true"
274-->[com.google.firebase:firebase-common:21.0.0] AndroidManifest.xml:32:13-43
275            android:exported="false" >
275-->[com.google.firebase:firebase-auth:23.2.0] AndroidManifest.xml:68:13-37
276            <meta-data
276-->[com.google.firebase:firebase-auth:23.2.0] AndroidManifest.xml:69:13-71:85
277                android:name="com.google.firebase.components:com.google.firebase.auth.FirebaseAuthRegistrar"
277-->[com.google.firebase:firebase-auth:23.2.0] AndroidManifest.xml:70:17-109
278                android:value="com.google.firebase.components.ComponentRegistrar" />
278-->[com.google.firebase:firebase-auth:23.2.0] AndroidManifest.xml:71:17-82
279            <meta-data
279-->[com.google.firebase:firebase-database:21.0.0] AndroidManifest.xml:29:13-31:85
280                android:name="com.google.firebase.components:com.google.firebase.database.FirebaseDatabaseKtxRegistrar"
280-->[com.google.firebase:firebase-database:21.0.0] AndroidManifest.xml:30:17-120
281                android:value="com.google.firebase.components.ComponentRegistrar" />
281-->[com.google.firebase:firebase-database:21.0.0] AndroidManifest.xml:31:17-82
282            <meta-data
282-->[com.google.firebase:firebase-database:21.0.0] AndroidManifest.xml:32:13-34:85
283                android:name="com.google.firebase.components:com.google.firebase.database.DatabaseRegistrar"
283-->[com.google.firebase:firebase-database:21.0.0] AndroidManifest.xml:33:17-109
284                android:value="com.google.firebase.components.ComponentRegistrar" />
284-->[com.google.firebase:firebase-database:21.0.0] AndroidManifest.xml:34:17-82
285            <meta-data
285-->[com.google.firebase:firebase-firestore:25.1.2] AndroidManifest.xml:17:13-19:85
286                android:name="com.google.firebase.components:com.google.firebase.firestore.FirebaseFirestoreKtxRegistrar"
286-->[com.google.firebase:firebase-firestore:25.1.2] AndroidManifest.xml:18:17-122
287                android:value="com.google.firebase.components.ComponentRegistrar" />
287-->[com.google.firebase:firebase-firestore:25.1.2] AndroidManifest.xml:19:17-82
288            <meta-data
288-->[com.google.firebase:firebase-firestore:25.1.2] AndroidManifest.xml:20:13-22:85
289                android:name="com.google.firebase.components:com.google.firebase.firestore.FirestoreRegistrar"
289-->[com.google.firebase:firebase-firestore:25.1.2] AndroidManifest.xml:21:17-111
290                android:value="com.google.firebase.components.ComponentRegistrar" />
290-->[com.google.firebase:firebase-firestore:25.1.2] AndroidManifest.xml:22:17-82
291            <meta-data
291-->[com.google.firebase:firebase-storage:21.0.1] AndroidManifest.xml:30:13-32:85
292                android:name="com.google.firebase.components:com.google.firebase.storage.FirebaseStorageKtxRegistrar"
292-->[com.google.firebase:firebase-storage:21.0.1] AndroidManifest.xml:31:17-118
293                android:value="com.google.firebase.components.ComponentRegistrar" />
293-->[com.google.firebase:firebase-storage:21.0.1] AndroidManifest.xml:32:17-82
294            <meta-data
294-->[com.google.firebase:firebase-storage:21.0.1] AndroidManifest.xml:33:13-35:85
295                android:name="com.google.firebase.components:com.google.firebase.storage.StorageRegistrar"
295-->[com.google.firebase:firebase-storage:21.0.1] AndroidManifest.xml:34:17-107
296                android:value="com.google.firebase.components.ComponentRegistrar" />
296-->[com.google.firebase:firebase-storage:21.0.1] AndroidManifest.xml:35:17-82
297            <meta-data
297-->[com.google.firebase:firebase-crashlytics:19.4.0] AndroidManifest.xml:15:13-17:85
298                android:name="com.google.firebase.components:com.google.firebase.crashlytics.FirebaseCrashlyticsKtxRegistrar"